2017-08-02 11:46:18.358  INFO 4020 --- [restartedMain] com.vDigit.rpm.main.Application          : Starting Application on jia-dev2 with PID 4020 (/home/jia/projects/rpm/target/classes started by jia in /home/jia/projects/rpm)
2017-08-02 11:46:18.363  INFO 4020 --- [restartedMain] com.vDigit.rpm.main.Application          : No active profile set, falling back to default profiles: default
2017-08-02 11:46:18.450  INFO 4020 --- [restartedMain] ationConfigEmbeddedWebApplicationContext : Refreshing org.springframework.boot.context.embedded.AnnotationConfigEmbeddedWebApplicationContext@7c523bd1: startup date [Wed Aug 02 11:46:18 PDT 2017]; root of context hierarchy
2017-08-02 11:46:19.480  INFO 4020 --- [restartedMain] s.b.c.e.t.TomcatEmbeddedServletContainer : Tomcat initialized with port(s): 8080 (http)
2017-08-02 11:46:19.486  INFO 4020 --- [restartedMain] o.apache.catalina.core.StandardService   : Starting service [Tomcat]
2017-08-02 11:46:19.487  INFO 4020 --- [restartedMain] org.apache.catalina.core.StandardEngine  : Starting Servlet Engine: Apache Tomcat/8.5.15
2017-08-02 11:46:19.524  INFO 4020 --- [localhost-startStop-1] o.a.c.c.C.[Tomcat].[localhost].[/]       : Initializing Spring embedded WebApplicationContext
2017-08-02 11:46:19.524  INFO 4020 --- [localhost-startStop-1] o.s.web.context.ContextLoader            : Root WebApplicationContext: initialization completed in 1084 ms
2017-08-02 11:46:19.591  INFO 4020 --- [localhost-startStop-1] o.s.b.w.servlet.ServletRegistrationBean  : Mapping servlet: 'dispatcherServlet' to [/]
2017-08-02 11:46:19.593  INFO 4020 --- [localhost-startStop-1] o.s.b.w.servlet.FilterRegistrationBean   : Mapping filter: 'characterEncodingFilter' to: [/*]
2017-08-02 11:46:19.593  INFO 4020 --- [localhost-startStop-1] o.s.b.w.servlet.FilterRegistrationBean   : Mapping filter: 'hiddenHttpMethodFilter' to: [/*]
2017-08-02 11:46:19.593  INFO 4020 --- [localhost-startStop-1] o.s.b.w.servlet.FilterRegistrationBean   : Mapping filter: 'httpPutFormContentFilter' to: [/*]
2017-08-02 11:46:19.594  INFO 4020 --- [localhost-startStop-1] o.s.b.w.servlet.FilterRegistrationBean   : Mapping filter: 'requestContextFilter' to: [/*]
2017-08-02 11:46:19.742  INFO 4020 --- [restartedMain] org.mongodb.driver.cluster               : Cluster created with settings {hosts=[localhost:27017], mode=SINGLE, requiredClusterType=UNKNOWN, serverSelectionTimeout='30000 ms', maxWaitQueueSize=500}
2017-08-02 11:46:19.763  INFO 4020 --- [cluster-ClusterId{value='59821dfb6c19d10fb48a627d', description='null'}-localhost:27017] org.mongodb.driver.cluster               : Exception in monitor thread while connecting to server localhost:27017

com.mongodb.MongoSocketOpenException: Exception opening socket
	at com.mongodb.connection.SocketStream.open(SocketStream.java:63) ~[mongodb-driver-core-3.4.2.jar:na]
	at com.mongodb.connection.InternalStreamConnection.open(InternalStreamConnection.java:115) ~[mongodb-driver-core-3.4.2.jar:na]
	at com.mongodb.connection.DefaultServerMonitor$ServerMonitorRunnable.run(DefaultServerMonitor.java:113) ~[mongodb-driver-core-3.4.2.jar:na]
	at java.lang.Thread.run(Thread.java:748) [na:1.8.0_131]
Caused by: java.net.ConnectException: Connection refused (Connection refused)
	at java.net.PlainSocketImpl.socketConnect(Native Method) ~[na:1.8.0_131]
	at java.net.AbstractPlainSocketImpl.doConnect(AbstractPlainSocketImpl.java:350) ~[na:1.8.0_131]
	at java.net.AbstractPlainSocketImpl.connectToAddress(AbstractPlainSocketImpl.java:206) ~[na:1.8.0_131]
	at java.net.AbstractPlainSocketImpl.connect(AbstractPlainSocketImpl.java:188) ~[na:1.8.0_131]
	at java.net.SocksSocketImpl.connect(SocksSocketImpl.java:392) ~[na:1.8.0_131]
	at java.net.Socket.connect(Socket.java:589) ~[na:1.8.0_131]
	at com.mongodb.connection.SocketStreamHelper.initialize(SocketStreamHelper.java:57) ~[mongodb-driver-core-3.4.2.jar:na]
	at com.mongodb.connection.SocketStream.open(SocketStream.java:58) ~[mongodb-driver-core-3.4.2.jar:na]
	... 3 common frames omitted

2017-08-02 11:46:20.152  INFO 4020 --- [restartedMain] s.w.s.m.m.a.RequestMappingHandlerAdapter : Looking for @ControllerAdvice: org.springframework.boot.context.embedded.AnnotationConfigEmbeddedWebApplicationContext@7c523bd1: startup date [Wed Aug 02 11:46:18 PDT 2017]; root of context hierarchy
2017-08-02 11:46:20.194  INFO 4020 --- [restartedMain] s.w.s.m.m.a.RequestMappingHandlerMapping : Mapped "{[/test]}" onto java.lang.String com.vDigit.rpm.main.Application.test()
2017-08-02 11:46:20.196  INFO 4020 --- [restartedMain] s.w.s.m.m.a.RequestMappingHandlerMapping : Mapped "{[/]}" onto public java.lang.String com.vDigit.rpm.service.controller.IndexController.jobRequest()
2017-08-02 11:46:20.197  INFO 4020 --- [restartedMain] s.w.s.m.m.a.RequestMappingHandlerMapping : Mapped "{[/contractors],methods=[GET]}" onto public java.util.Collection<com.vDigit.rpm.dto.Contractor> com.vDigit.rpm.web.ContractorsController.getContractors()
2017-08-02 11:46:20.198  INFO 4020 --- [restartedMain] s.w.s.m.m.a.RequestMappingHandlerMapping : Mapped "{[/contractors/{contractorId}],methods=[DELETE]}" onto public com.vDigit.rpm.dto.Contractor com.vDigit.rpm.web.ContractorsController.deletePM(java.lang.String)
2017-08-02 11:46:20.198  INFO 4020 --- [restartedMain] s.w.s.m.m.a.RequestMappingHandlerMapping : Mapped "{[/contractors],methods=[POST]}" onto public com.vDigit.rpm.dto.Contractor com.vDigit.rpm.web.ContractorsController.createContractor(com.vDigit.rpm.dto.Contractor)
2017-08-02 11:46:20.200  INFO 4020 --- [restartedMain] s.w.s.m.m.a.RequestMappingHandlerMapping : Mapped "{[/api/pm/jobs],methods=[GET]}" onto public com.vDigit.rpm.dto.JobResponse com.vDigit.rpm.web.JobsController.getJobs()
2017-08-02 11:46:20.200  INFO 4020 --- [restartedMain] s.w.s.m.m.a.RequestMappingHandlerMapping : Mapped "{[/api/pm/jobs/{propertyManagerId}],methods=[GET]}" onto public com.vDigit.rpm.dto.JobResponse com.vDigit.rpm.web.JobsController.getJobs(java.lang.String)
2017-08-02 11:46:20.200  INFO 4020 --- [restartedMain] s.w.s.m.m.a.RequestMappingHandlerMapping : Mapped "{[/api/pm/job/{jobId}/{contractorId}/{acceptance}],methods=[GET]}" onto public java.lang.String com.vDigit.rpm.web.JobsController.getJobs(java.lang.String,java.lang.String,java.lang.String)
2017-08-02 11:46:20.201  INFO 4020 --- [restartedMain] s.w.s.m.m.a.RequestMappingHandlerMapping : Mapped "{[/api/pm/jobs],methods=[POST]}" onto public com.vDigit.rpm.dto.JobResponse com.vDigit.rpm.web.JobsController.createJob(com.vDigit.rpm.dto.JobRequest)
2017-08-02 11:46:20.201  INFO 4020 --- [restartedMain] s.w.s.m.m.a.RequestMappingHandlerMapping : Mapped "{[/api/pm/jobs],methods=[DELETE]}" onto public void com.vDigit.rpm.web.JobsController.deleteJobs()
2017-08-02 11:46:20.201  INFO 4020 --- [restartedMain] s.w.s.m.m.a.RequestMappingHandlerMapping : Mapped "{[/api/pm/schedule/jobs],methods=[PUT]}" onto public com.vDigit.rpm.dto.JobResponse com.vDigit.rpm.web.JobsController.scheduleJob(com.vDigit.rpm.dto.ScheduleRequest)
2017-08-02 11:46:20.201  INFO 4020 --- [restartedMain] s.w.s.m.m.a.RequestMappingHandlerMapping : Mapped "{[/api/pm/job/{jobId}],methods=[GET]}" onto public com.vDigit.rpm.dto.JobResponse com.vDigit.rpm.web.JobsController.getJob(java.lang.String)
2017-08-02 11:46:20.202  INFO 4020 --- [restartedMain] s.w.s.m.m.a.RequestMappingHandlerMapping : Mapped "{[/pms],methods=[POST]}" onto public com.vDigit.rpm.dto.PropertyManager com.vDigit.rpm.web.PMsController.createPM(com.vDigit.rpm.dto.PropertyManager)
2017-08-02 11:46:20.202  INFO 4020 --- [restartedMain] s.w.s.m.m.a.RequestMappingHandlerMapping : Mapped "{[/pms],methods=[GET]}" onto public java.util.List<com.vDigit.rpm.dto.PropertyManager> com.vDigit.rpm.web.PMsController.getPMs()
2017-08-02 11:46:20.202  INFO 4020 --- [restartedMain] s.w.s.m.m.a.RequestMappingHandlerMapping : Mapped "{[/pms/{pmId}],methods=[DELETE]}" onto public com.vDigit.rpm.dto.PropertyManager com.vDigit.rpm.web.PMsController.deletePM(java.lang.String)
2017-08-02 11:46:20.204  INFO 4020 --- [restartedMain] s.w.s.m.m.a.RequestMappingHandlerMapping : Mapped "{[/api/sms/job],methods=[POST]}" onto public void com.vDigit.rpm.web.TwilioPhoneController.receiveMessage(javax.servlet.http.HttpServletRequest,javax.servlet.http.HttpServletResponse) throws java.lang.Exception
2017-08-02 11:46:20.206  INFO 4020 --- [restartedMain] s.w.s.m.m.a.RequestMappingHandlerMapping : Mapped "{[/error],produces=[text/html]}" onto public org.springframework.web.servlet.ModelAndView org.springframework.boot.autoconfigure.web.BasicErrorController.errorHtml(javax.servlet.http.HttpServletRequest,javax.servlet.http.HttpServletResponse)
2017-08-02 11:46:20.206  INFO 4020 --- [restartedMain] s.w.s.m.m.a.RequestMappingHandlerMapping : Mapped "{[/error]}" onto public org.springframework.http.ResponseEntity<java.util.Map<java.lang.String, java.lang.Object>> org.springframework.boot.autoconfigure.web.BasicErrorController.error(javax.servlet.http.HttpServletRequest)
2017-08-02 11:46:20.223  INFO 4020 --- [restartedMain] o.s.w.s.handler.SimpleUrlHandlerMapping  : Mapped URL path [/webjars/**] onto handler of type [class org.springframework.web.servlet.resource.ResourceHttpRequestHandler]
2017-08-02 11:46:20.223  INFO 4020 --- [restartedMain] o.s.w.s.handler.SimpleUrlHandlerMapping  : Mapped URL path [/**] onto handler of type [class org.springframework.web.servlet.resource.ResourceHttpRequestHandler]
2017-08-02 11:46:20.242  INFO 4020 --- [restartedMain] o.s.w.s.handler.SimpleUrlHandlerMapping  : Mapped URL path [/**/favicon.ico] onto handler of type [class org.springframework.web.servlet.resource.ResourceHttpRequestHandler]
2017-08-02 11:46:20.314  INFO 4020 --- [restartedMain] o.s.b.d.a.OptionalLiveReloadServer       : LiveReload server is running on port 35729
2017-08-02 11:46:20.341  INFO 4020 --- [restartedMain] o.s.j.e.a.AnnotationMBeanExporter        : Registering beans for JMX exposure on startup
2017-08-02 11:46:20.350  INFO 4020 --- [restartedMain] s.a.ScheduledAnnotationBeanPostProcessor : No TaskScheduler/ScheduledExecutorService bean found for scheduled processing
2017-08-02 11:46:20.372  INFO 4020 --- [restartedMain] s.b.c.e.t.TomcatEmbeddedServletContainer : Tomcat started on port(s): 8080 (http)
2017-08-02 11:46:20.376  INFO 4020 --- [restartedMain] com.vDigit.rpm.main.Application          : Started Application in 2.336 seconds (JVM running for 2.9)
2017-08-02 11:46:51.388  INFO 4020 --- [Thread-13] ationConfigEmbeddedWebApplicationContext : Closing org.springframework.boot.context.embedded.AnnotationConfigEmbeddedWebApplicationContext@7c523bd1: startup date [Wed Aug 02 11:46:18 PDT 2017]; root of context hierarchy
2017-08-02 11:46:51.390  INFO 4020 --- [Thread-13] o.s.j.e.a.AnnotationMBeanExporter        : Unregistering JMX-exposed beans on shutdown
2017-08-02 11:47:16.496  INFO 4290 --- [restartedMain] com.vDigit.rpm.main.Application          : Starting Application on jia-dev2 with PID 4290 (/home/jia/projects/rpm/target/classes started by jia in /home/jia/projects/rpm)
2017-08-02 11:47:16.497  INFO 4290 --- [restartedMain] com.vDigit.rpm.main.Application          : No active profile set, falling back to default profiles: default
2017-08-02 11:47:16.541  INFO 4290 --- [restartedMain] ationConfigEmbeddedWebApplicationContext : Refreshing org.springframework.boot.context.embedded.AnnotationConfigEmbeddedWebApplicationContext@7d3aadef: startup date [Wed Aug 02 11:47:16 PDT 2017]; root of context hierarchy
2017-08-02 11:47:17.615  INFO 4290 --- [restartedMain] s.b.c.e.t.TomcatEmbeddedServletContainer : Tomcat initialized with port(s): 8080 (http)
2017-08-02 11:47:17.622  INFO 4290 --- [restartedMain] o.apache.catalina.core.StandardService   : Starting service [Tomcat]
2017-08-02 11:47:17.623  INFO 4290 --- [restartedMain] org.apache.catalina.core.StandardEngine  : Starting Servlet Engine: Apache Tomcat/8.5.15
2017-08-02 11:47:17.660  INFO 4290 --- [localhost-startStop-1] o.a.c.c.C.[Tomcat].[localhost].[/]       : Initializing Spring embedded WebApplicationContext
2017-08-02 11:47:17.661  INFO 4290 --- [localhost-startStop-1] o.s.web.context.ContextLoader            : Root WebApplicationContext: initialization completed in 1122 ms
2017-08-02 11:47:17.727  INFO 4290 --- [localhost-startStop-1] o.s.b.w.servlet.ServletRegistrationBean  : Mapping servlet: 'dispatcherServlet' to [/]
2017-08-02 11:47:17.729  INFO 4290 --- [localhost-startStop-1] o.s.b.w.servlet.FilterRegistrationBean   : Mapping filter: 'characterEncodingFilter' to: [/*]
2017-08-02 11:47:17.730  INFO 4290 --- [localhost-startStop-1] o.s.b.w.servlet.FilterRegistrationBean   : Mapping filter: 'hiddenHttpMethodFilter' to: [/*]
2017-08-02 11:47:17.730  INFO 4290 --- [localhost-startStop-1] o.s.b.w.servlet.FilterRegistrationBean   : Mapping filter: 'httpPutFormContentFilter' to: [/*]
2017-08-02 11:47:17.730  INFO 4290 --- [localhost-startStop-1] o.s.b.w.servlet.FilterRegistrationBean   : Mapping filter: 'requestContextFilter' to: [/*]
2017-08-02 11:47:17.860  INFO 4290 --- [restartedMain] org.mongodb.driver.cluster               : Cluster created with settings {hosts=[localhost:27017], mode=SINGLE, requiredClusterType=UNKNOWN, serverSelectionTimeout='30000 ms', maxWaitQueueSize=500}
2017-08-02 11:47:17.889  INFO 4290 --- [cluster-ClusterId{value='59821e356c19d110c2d59150', description='null'}-localhost:27017] org.mongodb.driver.connection            : Opened connection [connectionId{localValue:1, serverValue:1}] to localhost:27017
2017-08-02 11:47:17.891  INFO 4290 --- [cluster-ClusterId{value='59821e356c19d110c2d59150', description='null'}-localhost:27017] org.mongodb.driver.cluster               : Monitor thread successfully connected to server with description ServerDescription{address=localhost:27017, type=STANDALONE, state=CONNECTED, ok=true, version=ServerVersion{versionList=[3, 4, 6]}, minWireVersion=0, maxWireVersion=5, maxDocumentSize=16777216, roundTripTimeNanos=547085}
2017-08-02 11:47:18.241  INFO 4290 --- [restartedMain] s.w.s.m.m.a.RequestMappingHandlerAdapter : Looking for @ControllerAdvice: org.springframework.boot.context.embedded.AnnotationConfigEmbeddedWebApplicationContext@7d3aadef: startup date [Wed Aug 02 11:47:16 PDT 2017]; root of context hierarchy
2017-08-02 11:47:18.283  INFO 4290 --- [restartedMain] s.w.s.m.m.a.RequestMappingHandlerMapping : Mapped "{[/test]}" onto java.lang.String com.vDigit.rpm.main.Application.test()
2017-08-02 11:47:18.284  INFO 4290 --- [restartedMain] s.w.s.m.m.a.RequestMappingHandlerMapping : Mapped "{[/]}" onto public java.lang.String com.vDigit.rpm.service.controller.IndexController.jobRequest()
2017-08-02 11:47:18.285  INFO 4290 --- [restartedMain] s.w.s.m.m.a.RequestMappingHandlerMapping : Mapped "{[/contractors],methods=[GET]}" onto public java.util.Collection<com.vDigit.rpm.dto.Contractor> com.vDigit.rpm.web.ContractorsController.getContractors()
2017-08-02 11:47:18.286  INFO 4290 --- [restartedMain] s.w.s.m.m.a.RequestMappingHandlerMapping : Mapped "{[/contractors/{contractorId}],methods=[DELETE]}" onto public com.vDigit.rpm.dto.Contractor com.vDigit.rpm.web.ContractorsController.deletePM(java.lang.String)
2017-08-02 11:47:18.286  INFO 4290 --- [restartedMain] s.w.s.m.m.a.RequestMappingHandlerMapping : Mapped "{[/contractors],methods=[POST]}" onto public com.vDigit.rpm.dto.Contractor com.vDigit.rpm.web.ContractorsController.createContractor(com.vDigit.rpm.dto.Contractor)
2017-08-02 11:47:18.288  INFO 4290 --- [restartedMain] s.w.s.m.m.a.RequestMappingHandlerMapping : Mapped "{[/api/pm/jobs],methods=[GET]}" onto public com.vDigit.rpm.dto.JobResponse com.vDigit.rpm.web.JobsController.getJobs()
2017-08-02 11:47:18.288  INFO 4290 --- [restartedMain] s.w.s.m.m.a.RequestMappingHandlerMapping : Mapped "{[/api/pm/jobs/{propertyManagerId}],methods=[GET]}" onto public com.vDigit.rpm.dto.JobResponse com.vDigit.rpm.web.JobsController.getJobs(java.lang.String)
2017-08-02 11:47:18.288  INFO 4290 --- [restartedMain] s.w.s.m.m.a.RequestMappingHandlerMapping : Mapped "{[/api/pm/job/{jobId}/{contractorId}/{acceptance}],methods=[GET]}" onto public java.lang.String com.vDigit.rpm.web.JobsController.getJobs(java.lang.String,java.lang.String,java.lang.String)
2017-08-02 11:47:18.289  INFO 4290 --- [restartedMain] s.w.s.m.m.a.RequestMappingHandlerMapping : Mapped "{[/api/pm/jobs],methods=[POST]}" onto public com.vDigit.rpm.dto.JobResponse com.vDigit.rpm.web.JobsController.createJob(com.vDigit.rpm.dto.JobRequest)
2017-08-02 11:47:18.289  INFO 4290 --- [restartedMain] s.w.s.m.m.a.RequestMappingHandlerMapping : Mapped "{[/api/pm/jobs],methods=[DELETE]}" onto public void com.vDigit.rpm.web.JobsController.deleteJobs()
2017-08-02 11:47:18.289  INFO 4290 --- [restartedMain] s.w.s.m.m.a.RequestMappingHandlerMapping : Mapped "{[/api/pm/schedule/jobs],methods=[PUT]}" onto public com.vDigit.rpm.dto.JobResponse com.vDigit.rpm.web.JobsController.scheduleJob(com.vDigit.rpm.dto.ScheduleRequest)
2017-08-02 11:47:18.289  INFO 4290 --- [restartedMain] s.w.s.m.m.a.RequestMappingHandlerMapping : Mapped "{[/api/pm/job/{jobId}],methods=[GET]}" onto public com.vDigit.rpm.dto.JobResponse com.vDigit.rpm.web.JobsController.getJob(java.lang.String)
2017-08-02 11:47:18.290  INFO 4290 --- [restartedMain] s.w.s.m.m.a.RequestMappingHandlerMapping : Mapped "{[/pms],methods=[POST]}" onto public com.vDigit.rpm.dto.PropertyManager com.vDigit.rpm.web.PMsController.createPM(com.vDigit.rpm.dto.PropertyManager)
2017-08-02 11:47:18.290  INFO 4290 --- [restartedMain] s.w.s.m.m.a.RequestMappingHandlerMapping : Mapped "{[/pms/{pmId}],methods=[DELETE]}" onto public com.vDigit.rpm.dto.PropertyManager com.vDigit.rpm.web.PMsController.deletePM(java.lang.String)
2017-08-02 11:47:18.290  INFO 4290 --- [restartedMain] s.w.s.m.m.a.RequestMappingHandlerMapping : Mapped "{[/pms],methods=[GET]}" onto public java.util.List<com.vDigit.rpm.dto.PropertyManager> com.vDigit.rpm.web.PMsController.getPMs()
2017-08-02 11:47:18.292  INFO 4290 --- [restartedMain] s.w.s.m.m.a.RequestMappingHandlerMapping : Mapped "{[/api/sms/job],methods=[POST]}" onto public void com.vDigit.rpm.web.TwilioPhoneController.receiveMessage(javax.servlet.http.HttpServletRequest,javax.servlet.http.HttpServletResponse) throws java.lang.Exception
2017-08-02 11:47:18.294  INFO 4290 --- [restartedMain] s.w.s.m.m.a.RequestMappingHandlerMapping : Mapped "{[/error],produces=[text/html]}" onto public org.springframework.web.servlet.ModelAndView org.springframework.boot.autoconfigure.web.BasicErrorController.errorHtml(javax.servlet.http.HttpServletRequest,javax.servlet.http.HttpServletResponse)
2017-08-02 11:47:18.295  INFO 4290 --- [restartedMain] s.w.s.m.m.a.RequestMappingHandlerMapping : Mapped "{[/error]}" onto public org.springframework.http.ResponseEntity<java.util.Map<java.lang.String, java.lang.Object>> org.springframework.boot.autoconfigure.web.BasicErrorController.error(javax.servlet.http.HttpServletRequest)
2017-08-02 11:47:18.311  INFO 4290 --- [restartedMain] o.s.w.s.handler.SimpleUrlHandlerMapping  : Mapped URL path [/webjars/**] onto handler of type [class org.springframework.web.servlet.resource.ResourceHttpRequestHandler]
2017-08-02 11:47:18.311  INFO 4290 --- [restartedMain] o.s.w.s.handler.SimpleUrlHandlerMapping  : Mapped URL path [/**] onto handler of type [class org.springframework.web.servlet.resource.ResourceHttpRequestHandler]
2017-08-02 11:47:18.330  INFO 4290 --- [restartedMain] o.s.w.s.handler.SimpleUrlHandlerMapping  : Mapped URL path [/**/favicon.ico] onto handler of type [class org.springframework.web.servlet.resource.ResourceHttpRequestHandler]
2017-08-02 11:47:18.403  INFO 4290 --- [restartedMain] o.s.b.d.a.OptionalLiveReloadServer       : LiveReload server is running on port 35729
2017-08-02 11:47:18.431  INFO 4290 --- [restartedMain] o.s.j.e.a.AnnotationMBeanExporter        : Registering beans for JMX exposure on startup
2017-08-02 11:47:18.440  INFO 4290 --- [restartedMain] s.a.ScheduledAnnotationBeanPostProcessor : No TaskScheduler/ScheduledExecutorService bean found for scheduled processing
2017-08-02 11:47:18.459  INFO 4290 --- [restartedMain] s.b.c.e.t.TomcatEmbeddedServletContainer : Tomcat started on port(s): 8080 (http)
2017-08-02 11:47:18.462  INFO 4290 --- [restartedMain] com.vDigit.rpm.main.Application          : Started Application in 2.148 seconds (JVM running for 2.638)
2017-08-02 11:48:34.946  INFO 4290 --- [http-nio-8080-exec-1] o.a.c.c.C.[Tomcat].[localhost].[/]       : Initializing Spring FrameworkServlet 'dispatcherServlet'
2017-08-02 11:48:34.946  INFO 4290 --- [http-nio-8080-exec-1] o.s.web.servlet.DispatcherServlet        : FrameworkServlet 'dispatcherServlet': initialization started
2017-08-02 11:48:35.025  INFO 4290 --- [http-nio-8080-exec-1] o.s.web.servlet.DispatcherServlet        : FrameworkServlet 'dispatcherServlet': initialization completed in 79 ms
2017-08-02 11:48:35.409  INFO 4290 --- [http-nio-8080-exec-2] org.mongodb.driver.connection            : Opened connection [connectionId{localValue:2, serverValue:2}] to localhost:27017
2017-08-02 12:00:00.000  INFO 4290 --- [pool-1-thread-1] c.v.rpm.service.JobSchedulerService      : Scheduler started...
2017-08-02 12:00:00.006  INFO 4290 --- [pool-1-thread-1] c.v.rpm.service.JobSchedulerService      : Scheduler no jobs found...
2017-08-02 13:34:19.873  INFO 12388 --- [restartedMain] com.vDigit.rpm.main.Application          : Starting Application on jia-dev2 with PID 12388 (/home/jia/projects/rpm/target/classes started by jia in /home/jia/projects/rpm)
2017-08-02 13:34:19.873  INFO 12388 --- [restartedMain] com.vDigit.rpm.main.Application          : No active profile set, falling back to default profiles: default
2017-08-02 13:34:19.916  INFO 12388 --- [restartedMain] ationConfigEmbeddedWebApplicationContext : Refreshing org.springframework.boot.context.embedded.AnnotationConfigEmbeddedWebApplicationContext@7c523bd1: startup date [Wed Aug 02 13:34:19 PDT 2017]; root of context hierarchy
2017-08-02 13:34:20.282  INFO 4290 --- [Thread-10] ationConfigEmbeddedWebApplicationContext : Closing org.springframework.boot.context.embedded.AnnotationConfigEmbeddedWebApplicationContext@7d3aadef: startup date [Wed Aug 02 11:47:16 PDT 2017]; root of context hierarchy
2017-08-02 13:34:20.284  INFO 4290 --- [Thread-10] o.s.j.e.a.AnnotationMBeanExporter        : Unregistering JMX-exposed beans on shutdown
2017-08-02 13:34:20.285  INFO 4290 --- [Thread-10] org.mongodb.driver.connection            : Closed connection [connectionId{localValue:2, serverValue:2}] to localhost:27017 because the pool has been closed.
2017-08-02 13:34:20.553  INFO 4290 --- [restartedMain] com.vDigit.rpm.main.Application          : Starting Application on jia-dev2 with PID 4290 (/home/jia/projects/rpm/target/classes started by jia in /home/jia/projects/rpm)
2017-08-02 13:34:20.553  INFO 4290 --- [restartedMain] com.vDigit.rpm.main.Application          : No active profile set, falling back to default profiles: default
2017-08-02 13:34:20.555  INFO 4290 --- [restartedMain] ationConfigEmbeddedWebApplicationContext : Refreshing org.springframework.boot.context.embedded.AnnotationConfigEmbeddedWebApplicationContext@5ff3b0eb: startup date [Wed Aug 02 13:34:20 PDT 2017]; root of context hierarchy
2017-08-02 13:34:20.816  INFO 4290 --- [restartedMain] s.b.c.e.t.TomcatEmbeddedServletContainer : Tomcat initialized with port(s): 8080 (http)
2017-08-02 13:34:20.817  INFO 4290 --- [restartedMain] o.apache.catalina.core.StandardService   : Starting service [Tomcat]
2017-08-02 13:34:20.817  INFO 4290 --- [restartedMain] org.apache.catalina.core.StandardEngine  : Starting Servlet Engine: Apache Tomcat/8.5.15
2017-08-02 13:34:20.822  INFO 4290 --- [localhost-startStop-1] o.a.c.c.C.[Tomcat].[localhost].[/]       : Initializing Spring embedded WebApplicationContext
2017-08-02 13:34:20.822  INFO 4290 --- [localhost-startStop-1] o.s.web.context.ContextLoader            : Root WebApplicationContext: initialization completed in 267 ms
2017-08-02 13:34:20.855  INFO 4290 --- [localhost-startStop-1] o.s.b.w.servlet.ServletRegistrationBean  : Mapping servlet: 'dispatcherServlet' to [/]
2017-08-02 13:34:20.855  INFO 4290 --- [localhost-startStop-1] o.s.b.w.servlet.FilterRegistrationBean   : Mapping filter: 'characterEncodingFilter' to: [/*]
2017-08-02 13:34:20.855  INFO 4290 --- [localhost-startStop-1] o.s.b.w.servlet.FilterRegistrationBean   : Mapping filter: 'hiddenHttpMethodFilter' to: [/*]
2017-08-02 13:34:20.855  INFO 4290 --- [localhost-startStop-1] o.s.b.w.servlet.FilterRegistrationBean   : Mapping filter: 'httpPutFormContentFilter' to: [/*]
2017-08-02 13:34:20.855  INFO 4290 --- [localhost-startStop-1] o.s.b.w.servlet.FilterRegistrationBean   : Mapping filter: 'requestContextFilter' to: [/*]
2017-08-02 13:34:20.871  INFO 4290 --- [restartedMain] org.mongodb.driver.cluster               : Cluster created with settings {hosts=[localhost:27017], mode=SINGLE, requiredClusterType=UNKNOWN, serverSelectionTimeout='30000 ms', maxWaitQueueSize=500}
2017-08-02 13:34:20.873  INFO 4290 --- [cluster-ClusterId{value='5982374c6c19d110c2d59153', description='null'}-localhost:27017] org.mongodb.driver.connection            : Opened connection [connectionId{localValue:3, serverValue:3}] to localhost:27017
2017-08-02 13:34:20.873  INFO 4290 --- [cluster-ClusterId{value='5982374c6c19d110c2d59153', description='null'}-localhost:27017] org.mongodb.driver.cluster               : Monitor thread successfully connected to server with description ServerDescription{address=localhost:27017, type=STANDALONE, state=CONNECTED, ok=true, version=ServerVersion{versionList=[3, 4, 6]}, minWireVersion=0, maxWireVersion=5, maxDocumentSize=16777216, roundTripTimeNanos=88211}
2017-08-02 13:34:20.957  INFO 12388 --- [restartedMain] s.b.c.e.t.TomcatEmbeddedServletContainer : Tomcat initialized with port(s): 8080 (http)
2017-08-02 13:34:20.963  INFO 12388 --- [restartedMain] o.apache.catalina.core.StandardService   : Starting service [Tomcat]
2017-08-02 13:34:20.964  INFO 12388 --- [restartedMain] org.apache.catalina.core.StandardEngine  : Starting Servlet Engine: Apache Tomcat/8.5.15
2017-08-02 13:34:20.980  INFO 4290 --- [restartedMain] s.w.s.m.m.a.RequestMappingHandlerAdapter : Looking for @ControllerAdvice: org.springframework.boot.context.embedded.AnnotationConfigEmbeddedWebApplicationContext@5ff3b0eb: startup date [Wed Aug 02 13:34:20 PDT 2017]; root of context hierarchy
2017-08-02 13:34:20.987  INFO 4290 --- [restartedMain] s.w.s.m.m.a.RequestMappingHandlerMapping : Mapped "{[/test]}" onto java.lang.String com.vDigit.rpm.main.Application.test()
2017-08-02 13:34:20.988  INFO 4290 --- [restartedMain] s.w.s.m.m.a.RequestMappingHandlerMapping : Mapped "{[/]}" onto public java.lang.String com.vDigit.rpm.service.controller.IndexController.jobRequest()
2017-08-02 13:34:20.989  INFO 4290 --- [restartedMain] s.w.s.m.m.a.RequestMappingHandlerMapping : Mapped "{[/contractors],methods=[GET]}" onto public java.util.Collection<com.vDigit.rpm.dto.Contractor> com.vDigit.rpm.web.ContractorsController.getContractors()
2017-08-02 13:34:20.989  INFO 4290 --- [restartedMain] s.w.s.m.m.a.RequestMappingHandlerMapping : Mapped "{[/contractors/{contractorId}],methods=[DELETE]}" onto public com.vDigit.rpm.dto.Contractor com.vDigit.rpm.web.ContractorsController.deletePM(java.lang.String)
2017-08-02 13:34:20.990  INFO 4290 --- [restartedMain] s.w.s.m.m.a.RequestMappingHandlerMapping : Mapped "{[/contractors],methods=[POST]}" onto public com.vDigit.rpm.dto.Contractor com.vDigit.rpm.web.ContractorsController.createContractor(com.vDigit.rpm.dto.Contractor)
2017-08-02 13:34:20.992  INFO 4290 --- [restartedMain] s.w.s.m.m.a.RequestMappingHandlerMapping : Mapped "{[/api/pm/jobs],methods=[GET]}" onto public com.vDigit.rpm.dto.JobResponse com.vDigit.rpm.web.JobsController.getJobs()
2017-08-02 13:34:20.992  INFO 4290 --- [restartedMain] s.w.s.m.m.a.RequestMappingHandlerMapping : Mapped "{[/api/pm/jobs/{propertyManagerId}],methods=[GET]}" onto public com.vDigit.rpm.dto.JobResponse com.vDigit.rpm.web.JobsController.getJobs(java.lang.String)
2017-08-02 13:34:20.992  INFO 4290 --- [restartedMain] s.w.s.m.m.a.RequestMappingHandlerMapping : Mapped "{[/api/pm/job/{jobId}/{contractorId}/{acceptance}],methods=[GET]}" onto public java.lang.String com.vDigit.rpm.web.JobsController.getJobs(java.lang.String,java.lang.String,java.lang.String)
2017-08-02 13:34:20.992  INFO 4290 --- [restartedMain] s.w.s.m.m.a.RequestMappingHandlerMapping : Mapped "{[/api/pm/jobs],methods=[POST]}" onto public com.vDigit.rpm.dto.JobResponse com.vDigit.rpm.web.JobsController.createJob(com.vDigit.rpm.dto.JobRequest)
2017-08-02 13:34:20.993  INFO 4290 --- [restartedMain] s.w.s.m.m.a.RequestMappingHandlerMapping : Mapped "{[/api/pm/jobs],methods=[DELETE]}" onto public void com.vDigit.rpm.web.JobsController.deleteJobs()
2017-08-02 13:34:20.993  INFO 4290 --- [restartedMain] s.w.s.m.m.a.RequestMappingHandlerMapping : Mapped "{[/api/pm/schedule/jobs],methods=[PUT]}" onto public com.vDigit.rpm.dto.JobResponse com.vDigit.rpm.web.JobsController.scheduleJob(com.vDigit.rpm.dto.ScheduleRequest)
2017-08-02 13:34:20.993  INFO 4290 --- [restartedMain] s.w.s.m.m.a.RequestMappingHandlerMapping : Mapped "{[/api/pm/job/{jobId}],methods=[GET]}" onto public com.vDigit.rpm.dto.JobResponse com.vDigit.rpm.web.JobsController.getJob(java.lang.String)
2017-08-02 13:34:20.994  INFO 4290 --- [restartedMain] s.w.s.m.m.a.RequestMappingHandlerMapping : Mapped "{[/pms],methods=[POST]}" onto public com.vDigit.rpm.dto.PropertyManager com.vDigit.rpm.web.PMsController.createPM(com.vDigit.rpm.dto.PropertyManager)
2017-08-02 13:34:20.994  INFO 4290 --- [restartedMain] s.w.s.m.m.a.RequestMappingHandlerMapping : Mapped "{[/pms/{pmId}],methods=[DELETE]}" onto public com.vDigit.rpm.dto.PropertyManager com.vDigit.rpm.web.PMsController.deletePM(java.lang.String)
2017-08-02 13:34:20.994  INFO 4290 --- [restartedMain] s.w.s.m.m.a.RequestMappingHandlerMapping : Mapped "{[/pms],methods=[GET]}" onto public java.util.List<com.vDigit.rpm.dto.PropertyManager> com.vDigit.rpm.web.PMsController.getPMs()
2017-08-02 13:34:20.994  INFO 4290 --- [restartedMain] s.w.s.m.m.a.RequestMappingHandlerMapping : Mapped "{[/api/sms/job],methods=[POST]}" onto public void com.vDigit.rpm.web.TwilioPhoneController.receiveMessage(javax.servlet.http.HttpServletRequest,javax.servlet.http.HttpServletResponse) throws java.lang.Exception
2017-08-02 13:34:20.996  INFO 4290 --- [restartedMain] s.w.s.m.m.a.RequestMappingHandlerMapping : Mapped "{[/error],produces=[text/html]}" onto public org.springframework.web.servlet.ModelAndView org.springframework.boot.autoconfigure.web.BasicErrorController.errorHtml(javax.servlet.http.HttpServletRequest,javax.servlet.http.HttpServletResponse)
2017-08-02 13:34:20.996  INFO 4290 --- [restartedMain] s.w.s.m.m.a.RequestMappingHandlerMapping : Mapped "{[/error]}" onto public org.springframework.http.ResponseEntity<java.util.Map<java.lang.String, java.lang.Object>> org.springframework.boot.autoconfigure.web.BasicErrorController.error(javax.servlet.http.HttpServletRequest)
2017-08-02 13:34:21.000  INFO 12388 --- [localhost-startStop-1] o.a.c.c.C.[Tomcat].[localhost].[/]       : Initializing Spring embedded WebApplicationContext
2017-08-02 13:34:21.000  INFO 12388 --- [localhost-startStop-1] o.s.web.context.ContextLoader            : Root WebApplicationContext: initialization completed in 1087 ms
2017-08-02 13:34:21.003  INFO 4290 --- [restartedMain] o.s.w.s.handler.SimpleUrlHandlerMapping  : Mapped URL path [/webjars/**] onto handler of type [class org.springframework.web.servlet.resource.ResourceHttpRequestHandler]
2017-08-02 13:34:21.003  INFO 4290 --- [restartedMain] o.s.w.s.handler.SimpleUrlHandlerMapping  : Mapped URL path [/**] onto handler of type [class org.springframework.web.servlet.resource.ResourceHttpRequestHandler]
2017-08-02 13:34:21.013  INFO 4290 --- [restartedMain] o.s.w.s.handler.SimpleUrlHandlerMapping  : Mapped URL path [/**/favicon.ico] onto handler of type [class org.springframework.web.servlet.resource.ResourceHttpRequestHandler]
2017-08-02 13:34:21.034  INFO 4290 --- [restartedMain] o.s.b.d.a.OptionalLiveReloadServer       : LiveReload server is running on port 35729
2017-08-02 13:34:21.058  INFO 4290 --- [restartedMain] o.s.j.e.a.AnnotationMBeanExporter        : Registering beans for JMX exposure on startup
2017-08-02 13:34:21.062  INFO 4290 --- [restartedMain] s.a.ScheduledAnnotationBeanPostProcessor : No TaskScheduler/ScheduledExecutorService bean found for scheduled processing
2017-08-02 13:34:21.063  INFO 12388 --- [localhost-startStop-1] o.s.b.w.servlet.ServletRegistrationBean  : Mapping servlet: 'dispatcherServlet' to [/]
2017-08-02 13:34:21.064  INFO 4290 --- [restartedMain] s.b.c.e.t.TomcatEmbeddedServletContainer : Tomcat started on port(s): 8080 (http)
2017-08-02 13:34:21.065  INFO 4290 --- [restartedMain] com.vDigit.rpm.main.Application          : Started Application in 0.538 seconds (JVM running for 6425.241)
2017-08-02 13:34:21.065  INFO 12388 --- [localhost-startStop-1] o.s.b.w.servlet.FilterRegistrationBean   : Mapping filter: 'characterEncodingFilter' to: [/*]
2017-08-02 13:34:21.066  INFO 12388 --- [localhost-startStop-1] o.s.b.w.servlet.FilterRegistrationBean   : Mapping filter: 'hiddenHttpMethodFilter' to: [/*]
2017-08-02 13:34:21.066  INFO 12388 --- [localhost-startStop-1] o.s.b.w.servlet.FilterRegistrationBean   : Mapping filter: 'httpPutFormContentFilter' to: [/*]
2017-08-02 13:34:21.066  INFO 12388 --- [localhost-startStop-1] o.s.b.w.servlet.FilterRegistrationBean   : Mapping filter: 'requestContextFilter' to: [/*]
2017-08-02 13:34:21.206  INFO 12388 --- [restartedMain] org.mongodb.driver.cluster               : Cluster created with settings {hosts=[localhost:27017], mode=SINGLE, requiredClusterType=UNKNOWN, serverSelectionTimeout='30000 ms', maxWaitQueueSize=500}
2017-08-02 13:34:21.236  INFO 12388 --- [cluster-ClusterId{value='5982374d6c19d130643e1bc7', description='null'}-localhost:27017] org.mongodb.driver.connection            : Opened connection [connectionId{localValue:1, serverValue:4}] to localhost:27017
2017-08-02 13:34:21.238  INFO 12388 --- [cluster-ClusterId{value='5982374d6c19d130643e1bc7', description='null'}-localhost:27017] org.mongodb.driver.cluster               : Monitor thread successfully connected to server with description ServerDescription{address=localhost:27017, type=STANDALONE, state=CONNECTED, ok=true, version=ServerVersion{versionList=[3, 4, 6]}, minWireVersion=0, maxWireVersion=5, maxDocumentSize=16777216, roundTripTimeNanos=654484}
2017-08-02 13:34:21.622  INFO 12388 --- [restartedMain] s.w.s.m.m.a.RequestMappingHandlerAdapter : Looking for @ControllerAdvice: org.springframework.boot.context.embedded.AnnotationConfigEmbeddedWebApplicationContext@7c523bd1: startup date [Wed Aug 02 13:34:19 PDT 2017]; root of context hierarchy
2017-08-02 13:34:21.671  INFO 12388 --- [restartedMain] s.w.s.m.m.a.RequestMappingHandlerMapping : Mapped "{[/test]}" onto java.lang.String com.vDigit.rpm.main.Application.test()
2017-08-02 13:34:21.672  INFO 12388 --- [restartedMain] s.w.s.m.m.a.RequestMappingHandlerMapping : Mapped "{[/]}" onto public java.lang.String com.vDigit.rpm.service.controller.IndexController.jobRequest()
2017-08-02 13:34:21.673  INFO 12388 --- [restartedMain] s.w.s.m.m.a.RequestMappingHandlerMapping : Mapped "{[/contractors],methods=[GET]}" onto public java.util.Collection<com.vDigit.rpm.dto.Contractor> com.vDigit.rpm.web.ContractorsController.getContractors()
2017-08-02 13:34:21.674  INFO 12388 --- [restartedMain] s.w.s.m.m.a.RequestMappingHandlerMapping : Mapped "{[/contractors/{contractorId}],methods=[DELETE]}" onto public com.vDigit.rpm.dto.Contractor com.vDigit.rpm.web.ContractorsController.deletePM(java.lang.String)
2017-08-02 13:34:21.675  INFO 12388 --- [restartedMain] s.w.s.m.m.a.RequestMappingHandlerMapping : Mapped "{[/contractors],methods=[POST]}" onto public com.vDigit.rpm.dto.Contractor com.vDigit.rpm.web.ContractorsController.createContractor(com.vDigit.rpm.dto.Contractor)
2017-08-02 13:34:21.676  INFO 12388 --- [restartedMain] s.w.s.m.m.a.RequestMappingHandlerMapping : Mapped "{[/api/pm/jobs],methods=[GET]}" onto public com.vDigit.rpm.dto.JobResponse com.vDigit.rpm.web.JobsController.getJobs()
2017-08-02 13:34:21.676  INFO 12388 --- [restartedMain] s.w.s.m.m.a.RequestMappingHandlerMapping : Mapped "{[/api/pm/jobs/{propertyManagerId}],methods=[GET]}" onto public com.vDigit.rpm.dto.JobResponse com.vDigit.rpm.web.JobsController.getJobs(java.lang.String)
2017-08-02 13:34:21.677  INFO 12388 --- [restartedMain] s.w.s.m.m.a.RequestMappingHandlerMapping : Mapped "{[/api/pm/job/{jobId}/{contractorId}/{acceptance}],methods=[GET]}" onto public java.lang.String com.vDigit.rpm.web.JobsController.getJobs(java.lang.String,java.lang.String,java.lang.String)
2017-08-02 13:34:21.677  INFO 12388 --- [restartedMain] s.w.s.m.m.a.RequestMappingHandlerMapping : Mapped "{[/api/pm/jobs],methods=[POST]}" onto public com.vDigit.rpm.dto.JobResponse com.vDigit.rpm.web.JobsController.createJob(com.vDigit.rpm.dto.JobRequest)
2017-08-02 13:34:21.677  INFO 12388 --- [restartedMain] s.w.s.m.m.a.RequestMappingHandlerMapping : Mapped "{[/api/pm/jobs],methods=[DELETE]}" onto public void com.vDigit.rpm.web.JobsController.deleteJobs()
2017-08-02 13:34:21.677  INFO 12388 --- [restartedMain] s.w.s.m.m.a.RequestMappingHandlerMapping : Mapped "{[/api/pm/schedule/jobs],methods=[PUT]}" onto public com.vDigit.rpm.dto.JobResponse com.vDigit.rpm.web.JobsController.scheduleJob(com.vDigit.rpm.dto.ScheduleRequest)
2017-08-02 13:34:21.678  INFO 12388 --- [restartedMain] s.w.s.m.m.a.RequestMappingHandlerMapping : Mapped "{[/api/pm/job/{jobId}],methods=[GET]}" onto public com.vDigit.rpm.dto.JobResponse com.vDigit.rpm.web.JobsController.getJob(java.lang.String)
2017-08-02 13:34:21.678  INFO 12388 --- [restartedMain] s.w.s.m.m.a.RequestMappingHandlerMapping : Mapped "{[/pms],methods=[POST]}" onto public com.vDigit.rpm.dto.PropertyManager com.vDigit.rpm.web.PMsController.createPM(com.vDigit.rpm.dto.PropertyManager)
2017-08-02 13:34:21.679  INFO 12388 --- [restartedMain] s.w.s.m.m.a.RequestMappingHandlerMapping : Mapped "{[/pms/{pmId}],methods=[DELETE]}" onto public com.vDigit.rpm.dto.PropertyManager com.vDigit.rpm.web.PMsController.deletePM(java.lang.String)
2017-08-02 13:34:21.679  INFO 12388 --- [restartedMain] s.w.s.m.m.a.RequestMappingHandlerMapping : Mapped "{[/pms],methods=[GET]}" onto public java.util.List<com.vDigit.rpm.dto.PropertyManager> com.vDigit.rpm.web.PMsController.getPMs()
2017-08-02 13:34:21.680  INFO 12388 --- [restartedMain] s.w.s.m.m.a.RequestMappingHandlerMapping : Mapped "{[/api/sms/job],methods=[POST]}" onto public void com.vDigit.rpm.web.TwilioPhoneController.receiveMessage(javax.servlet.http.HttpServletRequest,javax.servlet.http.HttpServletResponse) throws java.lang.Exception
2017-08-02 13:34:21.683  INFO 12388 --- [restartedMain] s.w.s.m.m.a.RequestMappingHandlerMapping : Mapped "{[/error],produces=[text/html]}" onto public org.springframework.web.servlet.ModelAndView org.springframework.boot.autoconfigure.web.BasicErrorController.errorHtml(javax.servlet.http.HttpServletRequest,javax.servlet.http.HttpServletResponse)
2017-08-02 13:34:21.683  INFO 12388 --- [restartedMain] s.w.s.m.m.a.RequestMappingHandlerMapping : Mapped "{[/error]}" onto public org.springframework.http.ResponseEntity<java.util.Map<java.lang.String, java.lang.Object>> org.springframework.boot.autoconfigure.web.BasicErrorController.error(javax.servlet.http.HttpServletRequest)
2017-08-02 13:34:21.700  INFO 12388 --- [restartedMain] o.s.w.s.handler.SimpleUrlHandlerMapping  : Mapped URL path [/webjars/**] onto handler of type [class org.springframework.web.servlet.resource.ResourceHttpRequestHandler]
2017-08-02 13:34:21.701  INFO 12388 --- [restartedMain] o.s.w.s.handler.SimpleUrlHandlerMapping  : Mapped URL path [/**] onto handler of type [class org.springframework.web.servlet.resource.ResourceHttpRequestHandler]
2017-08-02 13:34:21.720  INFO 12388 --- [restartedMain] o.s.w.s.handler.SimpleUrlHandlerMapping  : Mapped URL path [/**/favicon.ico] onto handler of type [class org.springframework.web.servlet.resource.ResourceHttpRequestHandler]
2017-08-02 13:34:21.796  WARN 12388 --- [restartedMain] o.s.b.d.a.OptionalLiveReloadServer       : Unable to start LiveReload server
2017-08-02 13:34:21.826  INFO 12388 --- [restartedMain] o.s.j.e.a.AnnotationMBeanExporter        : Registering beans for JMX exposure on startup
2017-08-02 13:34:21.837  INFO 12388 --- [restartedMain] s.a.ScheduledAnnotationBeanPostProcessor : No TaskScheduler/ScheduledExecutorService bean found for scheduled processing
2017-08-02 13:34:21.852 ERROR 12388 --- [restartedMain] o.a.coyote.http11.Http11NioProtocol      : Failed to start end point associated with ProtocolHandler ["http-nio-8080"]

java.net.BindException: Address already in use
	at sun.nio.ch.Net.bind0(Native Method) ~[na:1.8.0_131]
	at sun.nio.ch.Net.bind(Net.java:433) ~[na:1.8.0_131]
	at sun.nio.ch.Net.bind(Net.java:425) ~[na:1.8.0_131]
	at sun.nio.ch.ServerSocketChannelImpl.bind(ServerSocketChannelImpl.java:223) ~[na:1.8.0_131]
	at sun.nio.ch.ServerSocketAdaptor.bind(ServerSocketAdaptor.java:74) ~[na:1.8.0_131]
	at org.apache.tomcat.util.net.NioEndpoint.bind(NioEndpoint.java:210) ~[tomcat-embed-core-8.5.15.jar:8.5.15]
	at org.apache.tomcat.util.net.AbstractEndpoint.start(AbstractEndpoint.java:978) ~[tomcat-embed-core-8.5.15.jar:8.5.15]
	at org.apache.coyote.AbstractProtocol.start(AbstractProtocol.java:628) ~[tomcat-embed-core-8.5.15.jar:8.5.15]
	at org.apache.catalina.connector.Connector.startInternal(Connector.java:1022) [tomcat-embed-core-8.5.15.jar:8.5.15]
	at org.apache.catalina.util.LifecycleBase.start(LifecycleBase.java:150) [tomcat-embed-core-8.5.15.jar:8.5.15]
	at org.apache.catalina.core.StandardService.addConnector(StandardService.java:225) [tomcat-embed-core-8.5.15.jar:8.5.15]
	at org.springframework.boot.context.embedded.tomcat.TomcatEmbeddedServletContainer.addPreviouslyRemovedConnectors(TomcatEmbeddedServletContainer.java:250) [spring-boot-1.5.4.RELEASE.jar:1.5.4.RELEASE]
	at org.springframework.boot.context.embedded.tomcat.TomcatEmbeddedServletContainer.start(TomcatEmbeddedServletContainer.java:193) [spring-boot-1.5.4.RELEASE.jar:1.5.4.RELEASE]
	at org.springframework.boot.context.embedded.EmbeddedWebApplicationContext.startEmbeddedServletContainer(EmbeddedWebApplicationContext.java:297) [spring-boot-1.5.4.RELEASE.jar:1.5.4.RELEASE]
	at org.springframework.boot.context.embedded.EmbeddedWebApplicationContext.finishRefresh(EmbeddedWebApplicationContext.java:145) [spring-boot-1.5.4.RELEASE.jar:1.5.4.RELEASE]
	at org.springframework.context.support.AbstractApplicationContext.refresh(AbstractApplicationContext.java:546) [spring-context-4.3.9.RELEASE.jar:4.3.9.RELEASE]
	at org.springframework.boot.context.embedded.EmbeddedWebApplicationContext.refresh(EmbeddedWebApplicationContext.java:122) [spring-boot-1.5.4.RELEASE.jar:1.5.4.RELEASE]
	at org.springframework.boot.SpringApplication.refresh(SpringApplication.java:693) [spring-boot-1.5.4.RELEASE.jar:1.5.4.RELEASE]
	at org.springframework.boot.SpringApplication.refreshContext(SpringApplication.java:360) [spring-boot-1.5.4.RELEASE.jar:1.5.4.RELEASE]
	at org.springframework.boot.SpringApplication.run(SpringApplication.java:303) [spring-boot-1.5.4.RELEASE.jar:1.5.4.RELEASE]
	at org.springframework.boot.SpringApplication.run(SpringApplication.java:1118) [spring-boot-1.5.4.RELEASE.jar:1.5.4.RELEASE]
	at org.springframework.boot.SpringApplication.run(SpringApplication.java:1107) [spring-boot-1.5.4.RELEASE.jar:1.5.4.RELEASE]
	at com.vDigit.rpm.main.Application.main(Application.java:37) [classes/:na]
	at sun.reflect.NativeMethodAccessorImpl.invoke0(Native Method) ~[na:1.8.0_131]
	at sun.reflect.NativeMethodAccessorImpl.invoke(NativeMethodAccessorImpl.java:62) ~[na:1.8.0_131]
	at sun.reflect.DelegatingMethodAccessorImpl.invoke(DelegatingMethodAccessorImpl.java:43) ~[na:1.8.0_131]
	at java.lang.reflect.Method.invoke(Method.java:498) ~[na:1.8.0_131]
	at org.springframework.boot.devtools.restart.RestartLauncher.run(RestartLauncher.java:49) [spring-boot-devtools-1.5.4.RELEASE.jar:1.5.4.RELEASE]

2017-08-02 13:34:21.853 ERROR 12388 --- [restartedMain] o.apache.catalina.core.StandardService   : Failed to start connector [Connector[HTTP/1.1-8080]]

org.apache.catalina.LifecycleException: Failed to start component [Connector[HTTP/1.1-8080]]
	at org.apache.catalina.util.LifecycleBase.start(LifecycleBase.java:167) ~[tomcat-embed-core-8.5.15.jar:8.5.15]
	at org.apache.catalina.core.StandardService.addConnector(StandardService.java:225) ~[tomcat-embed-core-8.5.15.jar:8.5.15]
	at org.springframework.boot.context.embedded.tomcat.TomcatEmbeddedServletContainer.addPreviouslyRemovedConnectors(TomcatEmbeddedServletContainer.java:250) [spring-boot-1.5.4.RELEASE.jar:1.5.4.RELEASE]
	at org.springframework.boot.context.embedded.tomcat.TomcatEmbeddedServletContainer.start(TomcatEmbeddedServletContainer.java:193) [spring-boot-1.5.4.RELEASE.jar:1.5.4.RELEASE]
	at org.springframework.boot.context.embedded.EmbeddedWebApplicationContext.startEmbeddedServletContainer(EmbeddedWebApplicationContext.java:297) [spring-boot-1.5.4.RELEASE.jar:1.5.4.RELEASE]
	at org.springframework.boot.context.embedded.EmbeddedWebApplicationContext.finishRefresh(EmbeddedWebApplicationContext.java:145) [spring-boot-1.5.4.RELEASE.jar:1.5.4.RELEASE]
	at org.springframework.context.support.AbstractApplicationContext.refresh(AbstractApplicationContext.java:546) [spring-context-4.3.9.RELEASE.jar:4.3.9.RELEASE]
	at org.springframework.boot.context.embedded.EmbeddedWebApplicationContext.refresh(EmbeddedWebApplicationContext.java:122) [spring-boot-1.5.4.RELEASE.jar:1.5.4.RELEASE]
	at org.springframework.boot.SpringApplication.refresh(SpringApplication.java:693) [spring-boot-1.5.4.RELEASE.jar:1.5.4.RELEASE]
	at org.springframework.boot.SpringApplication.refreshContext(SpringApplication.java:360) [spring-boot-1.5.4.RELEASE.jar:1.5.4.RELEASE]
	at org.springframework.boot.SpringApplication.run(SpringApplication.java:303) [spring-boot-1.5.4.RELEASE.jar:1.5.4.RELEASE]
	at org.springframework.boot.SpringApplication.run(SpringApplication.java:1118) [spring-boot-1.5.4.RELEASE.jar:1.5.4.RELEASE]
	at org.springframework.boot.SpringApplication.run(SpringApplication.java:1107) [spring-boot-1.5.4.RELEASE.jar:1.5.4.RELEASE]
	at com.vDigit.rpm.main.Application.main(Application.java:37) [classes/:na]
	at sun.reflect.NativeMethodAccessorImpl.invoke0(Native Method) ~[na:1.8.0_131]
	at sun.reflect.NativeMethodAccessorImpl.invoke(NativeMethodAccessorImpl.java:62) ~[na:1.8.0_131]
	at sun.reflect.DelegatingMethodAccessorImpl.invoke(DelegatingMethodAccessorImpl.java:43) ~[na:1.8.0_131]
	at java.lang.reflect.Method.invoke(Method.java:498) ~[na:1.8.0_131]
	at org.springframework.boot.devtools.restart.RestartLauncher.run(RestartLauncher.java:49) [spring-boot-devtools-1.5.4.RELEASE.jar:1.5.4.RELEASE]
Caused by: org.apache.catalina.LifecycleException: service.getName(): "Tomcat";  Protocol handler start failed
	at org.apache.catalina.connector.Connector.startInternal(Connector.java:1029) ~[tomcat-embed-core-8.5.15.jar:8.5.15]
	at org.apache.catalina.util.LifecycleBase.start(LifecycleBase.java:150) ~[tomcat-embed-core-8.5.15.jar:8.5.15]
	... 18 common frames omitted
Caused by: java.net.BindException: Address already in use
	at sun.nio.ch.Net.bind0(Native Method) ~[na:1.8.0_131]
	at sun.nio.ch.Net.bind(Net.java:433) ~[na:1.8.0_131]
	at sun.nio.ch.Net.bind(Net.java:425) ~[na:1.8.0_131]
	at sun.nio.ch.ServerSocketChannelImpl.bind(ServerSocketChannelImpl.java:223) ~[na:1.8.0_131]
	at sun.nio.ch.ServerSocketAdaptor.bind(ServerSocketAdaptor.java:74) ~[na:1.8.0_131]
	at org.apache.tomcat.util.net.NioEndpoint.bind(NioEndpoint.java:210) ~[tomcat-embed-core-8.5.15.jar:8.5.15]
	at org.apache.tomcat.util.net.AbstractEndpoint.start(AbstractEndpoint.java:978) ~[tomcat-embed-core-8.5.15.jar:8.5.15]
	at org.apache.coyote.AbstractProtocol.start(AbstractProtocol.java:628) ~[tomcat-embed-core-8.5.15.jar:8.5.15]
	at org.apache.catalina.connector.Connector.startInternal(Connector.java:1022) ~[tomcat-embed-core-8.5.15.jar:8.5.15]
	... 19 common frames omitted

2017-08-02 13:34:21.857  INFO 12388 --- [restartedMain] o.apache.catalina.core.StandardService   : Stopping service [Tomcat]
2017-08-02 13:34:21.864  INFO 12388 --- [restartedMain] utoConfigurationReportLoggingInitializer : 

Error starting ApplicationContext. To display the auto-configuration report re-run your application with 'debug' enabled.
2017-08-02 13:34:21.867 ERROR 12388 --- [restartedMain] o.s.b.d.LoggingFailureAnalysisReporter   : 

***************************
APPLICATION FAILED TO START
***************************

Description:

The Tomcat connector configured to listen on port 8080 failed to start. The port may already be in use or the connector may be misconfigured.

Action:

Verify the connector's configuration, identify and stop any process that's listening on port 8080, or configure this application to listen on another port.

2017-08-02 13:34:21.868  INFO 12388 --- [restartedMain] ationConfigEmbeddedWebApplicationContext : Closing org.springframework.boot.context.embedded.AnnotationConfigEmbeddedWebApplicationContext@7c523bd1: startup date [Wed Aug 02 13:34:19 PDT 2017]; root of context hierarchy
2017-08-02 13:34:21.869  INFO 12388 --- [restartedMain] o.s.j.e.a.AnnotationMBeanExporter        : Unregistering JMX-exposed beans on shutdown
2017-08-02 13:34:49.044  INFO 4290 --- [http-nio-8080-exec-1] o.a.c.c.C.[Tomcat].[localhost].[/]       : Initializing Spring FrameworkServlet 'dispatcherServlet'
2017-08-02 13:34:49.044  INFO 4290 --- [http-nio-8080-exec-1] o.s.web.servlet.DispatcherServlet        : FrameworkServlet 'dispatcherServlet': initialization started
2017-08-02 13:34:49.047  INFO 4290 --- [http-nio-8080-exec-1] o.s.web.servlet.DispatcherServlet        : FrameworkServlet 'dispatcherServlet': initialization completed in 3 ms
2017-08-02 13:34:49.048  INFO 4290 --- [http-nio-8080-exec-1] org.mongodb.driver.connection            : Opened connection [connectionId{localValue:4, serverValue:5}] to localhost:27017
2017-08-02 13:35:36.269  INFO 4290 --- [Thread-24] ationConfigEmbeddedWebApplicationContext : Closing org.springframework.boot.context.embedded.AnnotationConfigEmbeddedWebApplicationContext@5ff3b0eb: startup date [Wed Aug 02 13:34:20 PDT 2017]; root of context hierarchy
2017-08-02 13:35:36.271  INFO 4290 --- [Thread-24] o.s.j.e.a.AnnotationMBeanExporter        : Unregistering JMX-exposed beans on shutdown
2017-08-02 13:35:36.271  INFO 4290 --- [Thread-24] org.mongodb.driver.connection            : Closed connection [connectionId{localValue:4, serverValue:5}] to localhost:27017 because the pool has been closed.
2017-08-02 13:35:42.418  INFO 12657 --- [restartedMain] com.vDigit.rpm.main.Application          : Starting Application on jia-dev2 with PID 12657 (/home/jia/projects/rpm/target/classes started by jia in /home/jia/projects/rpm)
2017-08-02 13:35:42.419  INFO 12657 --- [restartedMain] com.vDigit.rpm.main.Application          : No active profile set, falling back to default profiles: default
2017-08-02 13:35:42.455  INFO 12657 --- [restartedMain] ationConfigEmbeddedWebApplicationContext : Refreshing org.springframework.boot.context.embedded.AnnotationConfigEmbeddedWebApplicationContext@2b5f2105: startup date [Wed Aug 02 13:35:42 PDT 2017]; root of context hierarchy
2017-08-02 13:35:43.297  INFO 12657 --- [restartedMain] s.b.c.e.t.TomcatEmbeddedServletContainer : Tomcat initialized with port(s): 8080 (http)
2017-08-02 13:35:43.303  INFO 12657 --- [restartedMain] o.apache.catalina.core.StandardService   : Starting service [Tomcat]
2017-08-02 13:35:43.303  INFO 12657 --- [restartedMain] org.apache.catalina.core.StandardEngine  : Starting Servlet Engine: Apache Tomcat/8.5.15
2017-08-02 13:35:43.349  INFO 12657 --- [localhost-startStop-1] o.a.c.c.C.[Tomcat].[localhost].[/]       : Initializing Spring embedded WebApplicationContext
2017-08-02 13:35:43.349  INFO 12657 --- [localhost-startStop-1] o.s.web.context.ContextLoader            : Root WebApplicationContext: initialization completed in 896 ms
2017-08-02 13:35:43.429  INFO 12657 --- [localhost-startStop-1] o.s.b.w.servlet.ServletRegistrationBean  : Mapping servlet: 'dispatcherServlet' to [/]
2017-08-02 13:35:43.432  INFO 12657 --- [localhost-startStop-1] o.s.b.w.servlet.FilterRegistrationBean   : Mapping filter: 'characterEncodingFilter' to: [/*]
2017-08-02 13:35:43.432  INFO 12657 --- [localhost-startStop-1] o.s.b.w.servlet.FilterRegistrationBean   : Mapping filter: 'hiddenHttpMethodFilter' to: [/*]
2017-08-02 13:35:43.432  INFO 12657 --- [localhost-startStop-1] o.s.b.w.servlet.FilterRegistrationBean   : Mapping filter: 'httpPutFormContentFilter' to: [/*]
2017-08-02 13:35:43.432  INFO 12657 --- [localhost-startStop-1] o.s.b.w.servlet.FilterRegistrationBean   : Mapping filter: 'requestContextFilter' to: [/*]
2017-08-02 13:35:43.560  INFO 12657 --- [restartedMain] org.mongodb.driver.cluster               : Cluster created with settings {hosts=[localhost:27017], mode=SINGLE, requiredClusterType=UNKNOWN, serverSelectionTimeout='30000 ms', maxWaitQueueSize=500}
2017-08-02 13:35:43.587  INFO 12657 --- [cluster-ClusterId{value='5982379f6c19d13171b50a36', description='null'}-localhost:27017] org.mongodb.driver.connection            : Opened connection [connectionId{localValue:1, serverValue:6}] to localhost:27017
2017-08-02 13:35:43.588  INFO 12657 --- [cluster-ClusterId{value='5982379f6c19d13171b50a36', description='null'}-localhost:27017] org.mongodb.driver.cluster               : Monitor thread successfully connected to server with description ServerDescription{address=localhost:27017, type=STANDALONE, state=CONNECTED, ok=true, version=ServerVersion{versionList=[3, 4, 6]}, minWireVersion=0, maxWireVersion=5, maxDocumentSize=16777216, roundTripTimeNanos=322866}
2017-08-02 13:35:43.940  INFO 12657 --- [restartedMain] s.w.s.m.m.a.RequestMappingHandlerAdapter : Looking for @ControllerAdvice: org.springframework.boot.context.embedded.AnnotationConfigEmbeddedWebApplicationContext@2b5f2105: startup date [Wed Aug 02 13:35:42 PDT 2017]; root of context hierarchy
2017-08-02 13:35:43.981  INFO 12657 --- [restartedMain] s.w.s.m.m.a.RequestMappingHandlerMapping : Mapped "{[/test]}" onto java.lang.String com.vDigit.rpm.main.Application.test()
2017-08-02 13:35:43.982  INFO 12657 --- [restartedMain] s.w.s.m.m.a.RequestMappingHandlerMapping : Mapped "{[/]}" onto public java.lang.String com.vDigit.rpm.service.controller.IndexController.jobRequest()
2017-08-02 13:35:43.984  INFO 12657 --- [restartedMain] s.w.s.m.m.a.RequestMappingHandlerMapping : Mapped "{[/contractors],methods=[GET]}" onto public java.util.Collection<com.vDigit.rpm.dto.Contractor> com.vDigit.rpm.web.ContractorsController.getContractors()
2017-08-02 13:35:43.985  INFO 12657 --- [restartedMain] s.w.s.m.m.a.RequestMappingHandlerMapping : Mapped "{[/contractors/{contractorId}],methods=[DELETE]}" onto public com.vDigit.rpm.dto.Contractor com.vDigit.rpm.web.ContractorsController.deletePM(java.lang.String)
2017-08-02 13:35:43.986  INFO 12657 --- [restartedMain] s.w.s.m.m.a.RequestMappingHandlerMapping : Mapped "{[/contractors],methods=[POST]}" onto public com.vDigit.rpm.dto.Contractor com.vDigit.rpm.web.ContractorsController.createContractor(com.vDigit.rpm.dto.Contractor)
2017-08-02 13:35:43.988  INFO 12657 --- [restartedMain] s.w.s.m.m.a.RequestMappingHandlerMapping : Mapped "{[/api/pm/jobs],methods=[GET]}" onto public com.vDigit.rpm.dto.JobResponse com.vDigit.rpm.web.JobsController.getJobs()
2017-08-02 13:35:43.988  INFO 12657 --- [restartedMain] s.w.s.m.m.a.RequestMappingHandlerMapping : Mapped "{[/api/pm/jobs/{propertyManagerId}],methods=[GET]}" onto public com.vDigit.rpm.dto.JobResponse com.vDigit.rpm.web.JobsController.getJobs(java.lang.String)
2017-08-02 13:35:43.989  INFO 12657 --- [restartedMain] s.w.s.m.m.a.RequestMappingHandlerMapping : Mapped "{[/api/pm/job/{jobId}/{contractorId}/{acceptance}],methods=[GET]}" onto public java.lang.String com.vDigit.rpm.web.JobsController.getJobs(java.lang.String,java.lang.String,java.lang.String)
2017-08-02 13:35:43.989  INFO 12657 --- [restartedMain] s.w.s.m.m.a.RequestMappingHandlerMapping : Mapped "{[/api/pm/jobs],methods=[POST]}" onto public com.vDigit.rpm.dto.JobResponse com.vDigit.rpm.web.JobsController.createJob(com.vDigit.rpm.dto.JobRequest)
2017-08-02 13:35:43.989  INFO 12657 --- [restartedMain] s.w.s.m.m.a.RequestMappingHandlerMapping : Mapped "{[/api/pm/jobs],methods=[DELETE]}" onto public void com.vDigit.rpm.web.JobsController.deleteJobs()
2017-08-02 13:35:43.990  INFO 12657 --- [restartedMain] s.w.s.m.m.a.RequestMappingHandlerMapping : Mapped "{[/api/pm/schedule/jobs],methods=[PUT]}" onto public com.vDigit.rpm.dto.JobResponse com.vDigit.rpm.web.JobsController.scheduleJob(com.vDigit.rpm.dto.ScheduleRequest)
2017-08-02 13:35:43.990  INFO 12657 --- [restartedMain] s.w.s.m.m.a.RequestMappingHandlerMapping : Mapped "{[/api/pm/job/{jobId}],methods=[GET]}" onto public com.vDigit.rpm.dto.JobResponse com.vDigit.rpm.web.JobsController.getJob(java.lang.String)
2017-08-02 13:35:43.991  INFO 12657 --- [restartedMain] s.w.s.m.m.a.RequestMappingHandlerMapping : Mapped "{[/pms],methods=[POST]}" onto public com.vDigit.rpm.dto.PropertyManager com.vDigit.rpm.web.PMsController.createPM(com.vDigit.rpm.dto.PropertyManager)
2017-08-02 13:35:43.992  INFO 12657 --- [restartedMain] s.w.s.m.m.a.RequestMappingHandlerMapping : Mapped "{[/pms/{pmId}],methods=[DELETE]}" onto public com.vDigit.rpm.dto.PropertyManager com.vDigit.rpm.web.PMsController.deletePM(java.lang.String)
2017-08-02 13:35:43.992  INFO 12657 --- [restartedMain] s.w.s.m.m.a.RequestMappingHandlerMapping : Mapped "{[/pms],methods=[GET]}" onto public java.util.List<com.vDigit.rpm.dto.PropertyManager> com.vDigit.rpm.web.PMsController.getPMs()
2017-08-02 13:35:43.994  INFO 12657 --- [restartedMain] s.w.s.m.m.a.RequestMappingHandlerMapping : Mapped "{[/api/sms/job],methods=[POST]}" onto public void com.vDigit.rpm.web.TwilioPhoneController.receiveMessage(javax.servlet.http.HttpServletRequest,javax.servlet.http.HttpServletResponse) throws java.lang.Exception
2017-08-02 13:35:43.998  INFO 12657 --- [restartedMain] s.w.s.m.m.a.RequestMappingHandlerMapping : Mapped "{[/error],produces=[text/html]}" onto public org.springframework.web.servlet.ModelAndView org.springframework.boot.autoconfigure.web.BasicErrorController.errorHtml(javax.servlet.http.HttpServletRequest,javax.servlet.http.HttpServletResponse)
2017-08-02 13:35:43.998  INFO 12657 --- [restartedMain] s.w.s.m.m.a.RequestMappingHandlerMapping : Mapped "{[/error]}" onto public org.springframework.http.ResponseEntity<java.util.Map<java.lang.String, java.lang.Object>> org.springframework.boot.autoconfigure.web.BasicErrorController.error(javax.servlet.http.HttpServletRequest)
2017-08-02 13:35:44.019  INFO 12657 --- [restartedMain] o.s.w.s.handler.SimpleUrlHandlerMapping  : Mapped URL path [/webjars/**] onto handler of type [class org.springframework.web.servlet.resource.ResourceHttpRequestHandler]
2017-08-02 13:35:44.019  INFO 12657 --- [restartedMain] o.s.w.s.handler.SimpleUrlHandlerMapping  : Mapped URL path [/**] onto handler of type [class org.springframework.web.servlet.resource.ResourceHttpRequestHandler]
2017-08-02 13:35:44.041  INFO 12657 --- [restartedMain] o.s.w.s.handler.SimpleUrlHandlerMapping  : Mapped URL path [/**/favicon.ico] onto handler of type [class org.springframework.web.servlet.resource.ResourceHttpRequestHandler]
2017-08-02 13:35:44.122  INFO 12657 --- [restartedMain] o.s.b.d.a.OptionalLiveReloadServer       : LiveReload server is running on port 35729
2017-08-02 13:35:44.155  INFO 12657 --- [restartedMain] o.s.j.e.a.AnnotationMBeanExporter        : Registering beans for JMX exposure on startup
2017-08-02 13:35:44.167  INFO 12657 --- [restartedMain] s.a.ScheduledAnnotationBeanPostProcessor : No TaskScheduler/ScheduledExecutorService bean found for scheduled processing
2017-08-02 13:35:44.192  INFO 12657 --- [restartedMain] s.b.c.e.t.TomcatEmbeddedServletContainer : Tomcat started on port(s): 8080 (http)
2017-08-02 13:35:44.197  INFO 12657 --- [restartedMain] com.vDigit.rpm.main.Application          : Started Application in 1.922 seconds (JVM running for 2.393)
2017-08-02 13:35:48.193  INFO 12657 --- [http-nio-8080-exec-1] o.a.c.c.C.[Tomcat].[localhost].[/]       : Initializing Spring FrameworkServlet 'dispatcherServlet'
2017-08-02 13:35:48.193  INFO 12657 --- [http-nio-8080-exec-1] o.s.web.servlet.DispatcherServlet        : FrameworkServlet 'dispatcherServlet': initialization started
2017-08-02 13:35:48.203  INFO 12657 --- [http-nio-8080-exec-1] o.s.web.servlet.DispatcherServlet        : FrameworkServlet 'dispatcherServlet': initialization completed in 10 ms
2017-08-02 13:35:48.525  INFO 12657 --- [http-nio-8080-exec-2] org.mongodb.driver.connection            : Opened connection [connectionId{localValue:2, serverValue:7}] to localhost:27017
2017-08-02 15:00:00.000  INFO 12657 --- [pool-1-thread-1] c.v.rpm.service.JobSchedulerService      : Scheduler started...
2017-08-02 15:00:00.011  INFO 12657 --- [pool-1-thread-1] c.v.rpm.service.JobSchedulerService      : Scheduler no jobs found...
2017-08-02 16:06:16.461  INFO 12657 --- [Thread-13] ationConfigEmbeddedWebApplicationContext : Closing org.springframework.boot.context.embedded.AnnotationConfigEmbeddedWebApplicationContext@2b5f2105: startup date [Wed Aug 02 13:35:42 PDT 2017]; root of context hierarchy
2017-08-02 16:06:16.463  INFO 12657 --- [Thread-13] o.s.j.e.a.AnnotationMBeanExporter        : Unregistering JMX-exposed beans on shutdown
2017-08-02 16:06:16.465  INFO 12657 --- [Thread-13] org.mongodb.driver.connection            : Closed connection [connectionId{localValue:2, serverValue:7}] to localhost:27017 because the pool has been closed.
2017-08-02 16:06:20.698  INFO 17228 --- [restartedMain] com.vDigit.rpm.main.Application          : Starting Application on jia-dev2 with PID 17228 (/home/jia/projects/rpm/target/classes started by jia in /home/jia/projects/rpm)
2017-08-02 16:06:20.699  INFO 17228 --- [restartedMain] com.vDigit.rpm.main.Application          : No active profile set, falling back to default profiles: default
2017-08-02 16:06:20.740  INFO 17228 --- [restartedMain] ationConfigEmbeddedWebApplicationContext : Refreshing org.springframework.boot.context.embedded.AnnotationConfigEmbeddedWebApplicationContext@7d3aadef: startup date [Wed Aug 02 16:06:20 PDT 2017]; root of context hierarchy
2017-08-02 16:06:21.612  INFO 17228 --- [restartedMain] s.b.c.e.t.TomcatEmbeddedServletContainer : Tomcat initialized with port(s): 8080 (http)
2017-08-02 16:06:21.618  INFO 17228 --- [restartedMain] o.apache.catalina.core.StandardService   : Starting service [Tomcat]
2017-08-02 16:06:21.618  INFO 17228 --- [restartedMain] org.apache.catalina.core.StandardEngine  : Starting Servlet Engine: Apache Tomcat/8.5.15
2017-08-02 16:06:21.660  INFO 17228 --- [localhost-startStop-1] o.a.c.c.C.[Tomcat].[localhost].[/]       : Initializing Spring embedded WebApplicationContext
2017-08-02 16:06:21.660  INFO 17228 --- [localhost-startStop-1] o.s.web.context.ContextLoader            : Root WebApplicationContext: initialization completed in 923 ms
2017-08-02 16:06:21.732  INFO 17228 --- [localhost-startStop-1] o.s.b.w.servlet.ServletRegistrationBean  : Mapping servlet: 'dispatcherServlet' to [/]
2017-08-02 16:06:21.734  INFO 17228 --- [localhost-startStop-1] o.s.b.w.servlet.FilterRegistrationBean   : Mapping filter: 'characterEncodingFilter' to: [/*]
2017-08-02 16:06:21.735  INFO 17228 --- [localhost-startStop-1] o.s.b.w.servlet.FilterRegistrationBean   : Mapping filter: 'hiddenHttpMethodFilter' to: [/*]
2017-08-02 16:06:21.735  INFO 17228 --- [localhost-startStop-1] o.s.b.w.servlet.FilterRegistrationBean   : Mapping filter: 'httpPutFormContentFilter' to: [/*]
2017-08-02 16:06:21.735  INFO 17228 --- [localhost-startStop-1] o.s.b.w.servlet.FilterRegistrationBean   : Mapping filter: 'requestContextFilter' to: [/*]
2017-08-02 16:06:21.865  INFO 17228 --- [restartedMain] org.mongodb.driver.cluster               : Cluster created with settings {hosts=[localhost:27017], mode=SINGLE, requiredClusterType=UNKNOWN, serverSelectionTimeout='30000 ms', maxWaitQueueSize=500}
2017-08-02 16:06:21.890  INFO 17228 --- [cluster-ClusterId{value='59825aed6c19d1434c46fce5', description='null'}-localhost:27017] org.mongodb.driver.connection            : Opened connection [connectionId{localValue:1, serverValue:8}] to localhost:27017
2017-08-02 16:06:21.892  INFO 17228 --- [cluster-ClusterId{value='59825aed6c19d1434c46fce5', description='null'}-localhost:27017] org.mongodb.driver.cluster               : Monitor thread successfully connected to server with description ServerDescription{address=localhost:27017, type=STANDALONE, state=CONNECTED, ok=true, version=ServerVersion{versionList=[3, 4, 6]}, minWireVersion=0, maxWireVersion=5, maxDocumentSize=16777216, roundTripTimeNanos=392805}
2017-08-02 16:06:22.254  INFO 17228 --- [restartedMain] s.w.s.m.m.a.RequestMappingHandlerAdapter : Looking for @ControllerAdvice: org.springframework.boot.context.embedded.AnnotationConfigEmbeddedWebApplicationContext@7d3aadef: startup date [Wed Aug 02 16:06:20 PDT 2017]; root of context hierarchy
2017-08-02 16:06:22.303  INFO 17228 --- [restartedMain] s.w.s.m.m.a.RequestMappingHandlerMapping : Mapped "{[/test]}" onto java.lang.String com.vDigit.rpm.main.Application.test()
2017-08-02 16:06:22.305  INFO 17228 --- [restartedMain] s.w.s.m.m.a.RequestMappingHandlerMapping : Mapped "{[/]}" onto public java.lang.String com.vDigit.rpm.service.controller.IndexController.jobRequest()
2017-08-02 16:06:22.305  INFO 17228 --- [restartedMain] s.w.s.m.m.a.RequestMappingHandlerMapping : Mapped "{[/angular]}" onto public java.lang.String com.vDigit.rpm.service.controller.IndexController.index()
2017-08-02 16:06:22.307  INFO 17228 --- [restartedMain] s.w.s.m.m.a.RequestMappingHandlerMapping : Mapped "{[/contractors],methods=[GET]}" onto public java.util.Collection<com.vDigit.rpm.dto.Contractor> com.vDigit.rpm.web.ContractorsController.getContractors()
2017-08-02 16:06:22.308  INFO 17228 --- [restartedMain] s.w.s.m.m.a.RequestMappingHandlerMapping : Mapped "{[/contractors],methods=[POST]}" onto public com.vDigit.rpm.dto.Contractor com.vDigit.rpm.web.ContractorsController.createContractor(com.vDigit.rpm.dto.Contractor)
2017-08-02 16:06:22.309  INFO 17228 --- [restartedMain] s.w.s.m.m.a.RequestMappingHandlerMapping : Mapped "{[/contractors/{contractorId}],methods=[DELETE]}" onto public com.vDigit.rpm.dto.Contractor com.vDigit.rpm.web.ContractorsController.deletePM(java.lang.String)
2017-08-02 16:06:22.312  INFO 17228 --- [restartedMain] s.w.s.m.m.a.RequestMappingHandlerMapping : Mapped "{[/api/pm/jobs/{propertyManagerId}],methods=[GET]}" onto public com.vDigit.rpm.dto.JobResponse com.vDigit.rpm.web.JobsController.getJobs(java.lang.String)
2017-08-02 16:06:22.312  INFO 17228 --- [restartedMain] s.w.s.m.m.a.RequestMappingHandlerMapping : Mapped "{[/api/pm/jobs],methods=[GET]}" onto public com.vDigit.rpm.dto.JobResponse com.vDigit.rpm.web.JobsController.getJobs()
2017-08-02 16:06:22.313  INFO 17228 --- [restartedMain] s.w.s.m.m.a.RequestMappingHandlerMapping : Mapped "{[/api/pm/job/{jobId}/{contractorId}/{acceptance}],methods=[GET]}" onto public java.lang.String com.vDigit.rpm.web.JobsController.getJobs(java.lang.String,java.lang.String,java.lang.String)
2017-08-02 16:06:22.313  INFO 17228 --- [restartedMain] s.w.s.m.m.a.RequestMappingHandlerMapping : Mapped "{[/api/pm/jobs],methods=[DELETE]}" onto public void com.vDigit.rpm.web.JobsController.deleteJobs()
2017-08-02 16:06:22.314  INFO 17228 --- [restartedMain] s.w.s.m.m.a.RequestMappingHandlerMapping : Mapped "{[/api/pm/schedule/jobs],methods=[PUT]}" onto public com.vDigit.rpm.dto.JobResponse com.vDigit.rpm.web.JobsController.scheduleJob(com.vDigit.rpm.dto.ScheduleRequest)
2017-08-02 16:06:22.314  INFO 17228 --- [restartedMain] s.w.s.m.m.a.RequestMappingHandlerMapping : Mapped "{[/api/pm/jobs],methods=[POST]}" onto public com.vDigit.rpm.dto.JobResponse com.vDigit.rpm.web.JobsController.createJob(com.vDigit.rpm.dto.JobRequest)
2017-08-02 16:06:22.315  INFO 17228 --- [restartedMain] s.w.s.m.m.a.RequestMappingHandlerMapping : Mapped "{[/api/pm/job/{jobId}],methods=[GET]}" onto public com.vDigit.rpm.dto.JobResponse com.vDigit.rpm.web.JobsController.getJob(java.lang.String)
2017-08-02 16:06:22.315  INFO 17228 --- [restartedMain] s.w.s.m.m.a.RequestMappingHandlerMapping : Mapped "{[/api/pm/job/{jobId}],methods=[DELETE]}" onto public void com.vDigit.rpm.web.JobsController.delete(java.lang.String)
2017-08-02 16:06:22.318  INFO 17228 --- [restartedMain] s.w.s.m.m.a.RequestMappingHandlerMapping : Mapped "{[/pms],methods=[POST]}" onto public com.vDigit.rpm.dto.PropertyManager com.vDigit.rpm.web.PMsController.createPM(com.vDigit.rpm.dto.PropertyManager)
2017-08-02 16:06:22.318  INFO 17228 --- [restartedMain] s.w.s.m.m.a.RequestMappingHandlerMapping : Mapped "{[/pms],methods=[GET]}" onto public java.util.List<com.vDigit.rpm.dto.PropertyManager> com.vDigit.rpm.web.PMsController.getPMs()
2017-08-02 16:06:22.319  INFO 17228 --- [restartedMain] s.w.s.m.m.a.RequestMappingHandlerMapping : Mapped "{[/pms/{pmId}],methods=[DELETE]}" onto public com.vDigit.rpm.dto.PropertyManager com.vDigit.rpm.web.PMsController.deletePM(java.lang.String)
2017-08-02 16:06:22.320  INFO 17228 --- [restartedMain] s.w.s.m.m.a.RequestMappingHandlerMapping : Mapped "{[/api/sms/job],methods=[POST]}" onto public void com.vDigit.rpm.web.TwilioPhoneController.receiveMessage(javax.servlet.http.HttpServletRequest,javax.servlet.http.HttpServletResponse) throws java.lang.Exception
2017-08-02 16:06:22.323  INFO 17228 --- [restartedMain] s.w.s.m.m.a.RequestMappingHandlerMapping : Mapped "{[/error],produces=[text/html]}" onto public org.springframework.web.servlet.ModelAndView org.springframework.boot.autoconfigure.web.BasicErrorController.errorHtml(javax.servlet.http.HttpServletRequest,javax.servlet.http.HttpServletResponse)
2017-08-02 16:06:22.324  INFO 17228 --- [restartedMain] s.w.s.m.m.a.RequestMappingHandlerMapping : Mapped "{[/error]}" onto public org.springframework.http.ResponseEntity<java.util.Map<java.lang.String, java.lang.Object>> org.springframework.boot.autoconfigure.web.BasicErrorController.error(javax.servlet.http.HttpServletRequest)
2017-08-02 16:06:22.346  INFO 17228 --- [restartedMain] o.s.w.s.handler.SimpleUrlHandlerMapping  : Mapped URL path [/webjars/**] onto handler of type [class org.springframework.web.servlet.resource.ResourceHttpRequestHandler]
2017-08-02 16:06:22.347  INFO 17228 --- [restartedMain] o.s.w.s.handler.SimpleUrlHandlerMapping  : Mapped URL path [/**] onto handler of type [class org.springframework.web.servlet.resource.ResourceHttpRequestHandler]
2017-08-02 16:06:22.375  INFO 17228 --- [restartedMain] o.s.w.s.handler.SimpleUrlHandlerMapping  : Mapped URL path [/**/favicon.ico] onto handler of type [class org.springframework.web.servlet.resource.ResourceHttpRequestHandler]
2017-08-02 16:06:22.465  INFO 17228 --- [restartedMain] o.s.b.d.a.OptionalLiveReloadServer       : LiveReload server is running on port 35729
2017-08-02 16:06:22.496  INFO 17228 --- [restartedMain] o.s.j.e.a.AnnotationMBeanExporter        : Registering beans for JMX exposure on startup
2017-08-02 16:06:22.507  INFO 17228 --- [restartedMain] s.a.ScheduledAnnotationBeanPostProcessor : No TaskScheduler/ScheduledExecutorService bean found for scheduled processing
2017-08-02 16:06:22.531  INFO 17228 --- [restartedMain] s.b.c.e.t.TomcatEmbeddedServletContainer : Tomcat started on port(s): 8080 (http)
2017-08-02 16:06:22.535  INFO 17228 --- [restartedMain] com.vDigit.rpm.main.Application          : Started Application in 1.995 seconds (JVM running for 2.413)
2017-08-02 16:06:27.426  INFO 17228 --- [http-nio-8080-exec-1] o.a.c.c.C.[Tomcat].[localhost].[/]       : Initializing Spring FrameworkServlet 'dispatcherServlet'
2017-08-02 16:06:27.426  INFO 17228 --- [http-nio-8080-exec-1] o.s.web.servlet.DispatcherServlet        : FrameworkServlet 'dispatcherServlet': initialization started
2017-08-02 16:06:27.436  INFO 17228 --- [http-nio-8080-exec-1] o.s.web.servlet.DispatcherServlet        : FrameworkServlet 'dispatcherServlet': initialization completed in 10 ms
2017-08-02 16:06:27.767  INFO 17228 --- [http-nio-8080-exec-2] org.mongodb.driver.connection            : Opened connection [connectionId{localValue:2, serverValue:9}] to localhost:27017
2017-08-02 16:06:39.746  INFO 17228 --- [Thread-13] ationConfigEmbeddedWebApplicationContext : Closing org.springframework.boot.context.embedded.AnnotationConfigEmbeddedWebApplicationContext@7d3aadef: startup date [Wed Aug 02 16:06:20 PDT 2017]; root of context hierarchy
2017-08-02 16:06:39.748  INFO 17228 --- [Thread-13] o.s.j.e.a.AnnotationMBeanExporter        : Unregistering JMX-exposed beans on shutdown
2017-08-02 16:06:39.750  INFO 17228 --- [Thread-13] org.mongodb.driver.connection            : Closed connection [connectionId{localValue:2, serverValue:9}] to localhost:27017 because the pool has been closed.
